Analysis & Synthesis report for DE1_SoC
Thu Feb 19 10:47:22 2015
Quartus II 64-Bit Version 14.0.0 Build 200 06/17/2014 SJ Full Version


---------------------
; Table of Contents ;
---------------------
  1. Legal Notice
  2. Analysis & Synthesis Summary
  3. Analysis & Synthesis Settings
  4. Parallel Compilation
  5. Analysis & Synthesis Source Files Read
  6. Analysis & Synthesis Resource Usage Summary
  7. Analysis & Synthesis Resource Utilization by Entity
  8. State Machine - |DE1_SoC|playTugOfWar:dut|victory:dut|ps
  9. General Register Statistics
 10. Parameter Settings for User Entity Instance: userInput:button|button:Left
 11. Parameter Settings for User Entity Instance: userInput:button|button:Right
 12. Parameter Settings for User Entity Instance: playTugOfWar:dut|normalLight:light9
 13. Parameter Settings for User Entity Instance: playTugOfWar:dut|normalLight:light8
 14. Parameter Settings for User Entity Instance: playTugOfWar:dut|normalLight:light7
 15. Parameter Settings for User Entity Instance: playTugOfWar:dut|normalLight:light6
 16. Parameter Settings for User Entity Instance: playTugOfWar:dut|centerLight:center
 17. Parameter Settings for User Entity Instance: playTugOfWar:dut|normalLight:light4
 18. Parameter Settings for User Entity Instance: playTugOfWar:dut|normalLight:light3
 19. Parameter Settings for User Entity Instance: playTugOfWar:dut|normalLight:light2
 20. Parameter Settings for User Entity Instance: playTugOfWar:dut|normalLight:light1
 21. Parameter Settings for User Entity Instance: playTugOfWar:dut|victory:dut
 22. Port Connectivity Checks: "playTugOfWar:dut|normalLight:light1"
 23. Port Connectivity Checks: "playTugOfWar:dut|normalLight:light9"
 24. Post-Synthesis Netlist Statistics for Top Partition
 25. Elapsed Time Per Partition
 26. Analysis & Synthesis Messages
 27. Analysis & Synthesis Suppressed Messages



----------------
; Legal Notice ;
----------------
Copyright (C) 1991-2014 Altera Corporation. All rights reserved.
Your use of Altera Corporation's design tools, logic functions 
and other software and tools, and its AMPP partner logic 
functions, and any output files from any of the foregoing 
(including device programming or simulation files), and any 
associated documentation or information are expressly subject 
to the terms and conditions of the Altera Program License 
Subscription Agreement, the Altera Quartus II License Agreement,
the Altera MegaCore Function License Agreement, or other 
applicable license agreement, including, without limitation, 
that your use is for the sole purpose of programming logic 
devices manufactured by Altera and sold by Altera or its 
authorized distributors.  Please refer to the applicable 
agreement for further details.



+-------------------------------------------------------------------------------+
; Analysis & Synthesis Summary                                                  ;
+---------------------------------+---------------------------------------------+
; Analysis & Synthesis Status     ; Successful - Thu Feb 19 10:47:22 2015       ;
; Quartus II 64-Bit Version       ; 14.0.0 Build 200 06/17/2014 SJ Full Version ;
; Revision Name                   ; DE1_SoC                                     ;
; Top-level Entity Name           ; DE1_SoC                                     ;
; Family                          ; Cyclone V                                   ;
; Logic utilization (in ALMs)     ; N/A                                         ;
; Total registers                 ; 15                                          ;
; Total pins                      ; 67                                          ;
; Total virtual pins              ; 0                                           ;
; Total block memory bits         ; 0                                           ;
; Total DSP Blocks                ; 0                                           ;
; Total HSSI RX PCSs              ; 0                                           ;
; Total HSSI PMA RX Deserializers ; 0                                           ;
; Total HSSI TX PCSs              ; 0                                           ;
; Total HSSI PMA TX Serializers   ; 0                                           ;
; Total PLLs                      ; 0                                           ;
; Total DLLs                      ; 0                                           ;
+---------------------------------+---------------------------------------------+


+---------------------------------------------------------------------------------------------------------------------------+
; Analysis & Synthesis Settings                                                                                             ;
+---------------------------------------------------------------------------------+--------------------+--------------------+
; Option                                                                          ; Setting            ; Default Value      ;
+---------------------------------------------------------------------------------+--------------------+--------------------+
; Device                                                                          ; 5CSEMA5F31C6       ;                    ;
; Top-level entity name                                                           ; DE1_SoC            ; DE1_SoC            ;
; Family name                                                                     ; Cyclone V          ; Cyclone IV GX      ;
; State Machine Processing                                                        ; User-Encoded       ; Auto               ;
; Use smart compilation                                                           ; Off                ; Off                ;
; Enable parallel Assembler and TimeQuest Timing Analyzer during compilation      ; On                 ; On                 ;
; Enable compact report table                                                     ; Off                ; Off                ;
; Restructure Multiplexers                                                        ; Auto               ; Auto               ;
; MLAB Add Timing Constraints For Mixed-Port Feed-Through Mode Setting Don't Care ; Off                ; Off                ;
; Create Debugging Nodes for IP Cores                                             ; Off                ; Off                ;
; Preserve fewer node names                                                       ; On                 ; On                 ;
; Disable OpenCore Plus hardware evaluation                                       ; Off                ; Off                ;
; Verilog Version                                                                 ; Verilog_2001       ; Verilog_2001       ;
; VHDL Version                                                                    ; VHDL_1993          ; VHDL_1993          ;
; Safe State Machine                                                              ; Off                ; Off                ;
; Extract Verilog State Machines                                                  ; On                 ; On                 ;
; Extract VHDL State Machines                                                     ; On                 ; On                 ;
; Ignore Verilog initial constructs                                               ; Off                ; Off                ;
; Iteration limit for constant Verilog loops                                      ; 5000               ; 5000               ;
; Iteration limit for non-constant Verilog loops                                  ; 250                ; 250                ;
; Add Pass-Through Logic to Inferred RAMs                                         ; On                 ; On                 ;
; Infer RAMs from Raw Logic                                                       ; On                 ; On                 ;
; Parallel Synthesis                                                              ; On                 ; On                 ;
; DSP Block Balancing                                                             ; Auto               ; Auto               ;
; NOT Gate Push-Back                                                              ; On                 ; On                 ;
; Power-Up Don't Care                                                             ; On                 ; On                 ;
; Remove Redundant Logic Cells                                                    ; Off                ; Off                ;
; Remove Duplicate Registers                                                      ; On                 ; On                 ;
; Ignore CARRY Buffers                                                            ; Off                ; Off                ;
; Ignore CASCADE Buffers                                                          ; Off                ; Off                ;
; Ignore GLOBAL Buffers                                                           ; Off                ; Off                ;
; Ignore ROW GLOBAL Buffers                                                       ; Off                ; Off                ;
; Ignore LCELL Buffers                                                            ; Off                ; Off                ;
; Ignore SOFT Buffers                                                             ; On                 ; On                 ;
; Limit AHDL Integers to 32 Bits                                                  ; Off                ; Off                ;
; Optimization Technique                                                          ; Balanced           ; Balanced           ;
; Carry Chain Length                                                              ; 70                 ; 70                 ;
; Auto Carry Chains                                                               ; On                 ; On                 ;
; Auto Open-Drain Pins                                                            ; On                 ; On                 ;
; Perform WYSIWYG Primitive Resynthesis                                           ; Off                ; Off                ;
; Auto ROM Replacement                                                            ; On                 ; On                 ;
; Auto RAM Replacement                                                            ; On                 ; On                 ;
; Auto DSP Block Replacement                                                      ; On                 ; On                 ;
; Auto Shift Register Replacement                                                 ; Auto               ; Auto               ;
; Allow Shift Register Merging across Hierarchies                                 ; Auto               ; Auto               ;
; Auto Clock Enable Replacement                                                   ; On                 ; On                 ;
; Strict RAM Replacement                                                          ; Off                ; Off                ;
; Allow Synchronous Control Signals                                               ; On                 ; On                 ;
; Force Use of Synchronous Clear Signals                                          ; Off                ; Off                ;
; Auto Resource Sharing                                                           ; Off                ; Off                ;
; Allow Any RAM Size For Recognition                                              ; Off                ; Off                ;
; Allow Any ROM Size For Recognition                                              ; Off                ; Off                ;
; Allow Any Shift Register Size For Recognition                                   ; Off                ; Off                ;
; Use LogicLock Constraints during Resource Balancing                             ; On                 ; On                 ;
; Ignore translate_off and synthesis_off directives                               ; Off                ; Off                ;
; Timing-Driven Synthesis                                                         ; On                 ; On                 ;
; Report Parameter Settings                                                       ; On                 ; On                 ;
; Report Source Assignments                                                       ; On                 ; On                 ;
; Report Connectivity Checks                                                      ; On                 ; On                 ;
; Ignore Maximum Fan-Out Assignments                                              ; Off                ; Off                ;
; Synchronization Register Chain Length                                           ; 3                  ; 3                  ;
; PowerPlay Power Optimization                                                    ; Normal compilation ; Normal compilation ;
; HDL message level                                                               ; Level2             ; Level2             ;
; Suppress Register Optimization Related Messages                                 ; Off                ; Off                ;
; Number of Removed Registers Reported in Synthesis Report                        ; 5000               ; 5000               ;
; Number of Swept Nodes Reported in Synthesis Report                              ; 5000               ; 5000               ;
; Number of Inverted Registers Reported in Synthesis Report                       ; 100                ; 100                ;
; Clock MUX Protection                                                            ; On                 ; On                 ;
; Auto Gated Clock Conversion                                                     ; Off                ; Off                ;
; Block Design Naming                                                             ; Auto               ; Auto               ;
; SDC constraint protection                                                       ; Off                ; Off                ;
; Synthesis Effort                                                                ; Auto               ; Auto               ;
; Shift Register Replacement - Allow Asynchronous Clear Signal                    ; On                 ; On                 ;
; Pre-Mapping Resynthesis Optimization                                            ; Off                ; Off                ;
; Analysis & Synthesis Message Level                                              ; Medium             ; Medium             ;
; Disable Register Merging Across Hierarchies                                     ; Auto               ; Auto               ;
; Resource Aware Inference For Block RAM                                          ; On                 ; On                 ;
; Synthesis Seed                                                                  ; 1                  ; 1                  ;
; Automatic Parallel Synthesis                                                    ; On                 ; On                 ;
; Partial Reconfiguration Bitstream ID                                            ; Off                ; Off                ;
+---------------------------------------------------------------------------------+--------------------+--------------------+


+------------------------------------------+
; Parallel Compilation                     ;
+----------------------------+-------------+
; Processors                 ; Number      ;
+----------------------------+-------------+
; Number detected on machine ; 8           ;
; Maximum allowed            ; 4           ;
;                            ;             ;
; Average used               ; 1.00        ;
; Maximum used               ; 1           ;
;                            ;             ;
; Usage by Processor         ; % Time Used ;
;     Processor 1            ; 100.0%      ;
;     Processors 2-8         ;   0.0%      ;
+----------------------------+-------------+


+-----------------------------------------------------------------------------------------------------------------------------------+
; Analysis & Synthesis Source Files Read                                                                                            ;
+----------------------------------+-----------------+------------------------------------+-------------------------------+---------+
; File Name with User-Entered Path ; Used in Netlist ; File Type                          ; File Name with Absolute Path  ; Library ;
+----------------------------------+-----------------+------------------------------------+-------------------------------+---------+
; centerLight.sv                   ; yes             ; User SystemVerilog HDL File        ; U:/EE271/Lab6/centerLight.sv  ;         ;
; victory.sv                       ; yes             ; User SystemVerilog HDL File        ; U:/EE271/Lab6/victory.sv      ;         ;
; playTugOfWar.sv                  ; yes             ; User SystemVerilog HDL File        ; U:/EE271/Lab6/playTugOfWar.sv ;         ;
; DE1_SoC.sv                       ; yes             ; User SystemVerilog HDL File        ; U:/EE271/Lab6/DE1_SoC.sv      ;         ;
; userinput.sv                     ; yes             ; Auto-Found SystemVerilog HDL File  ; U:/EE271/Lab6/userinput.sv    ;         ;
+----------------------------------+-----------------+------------------------------------+-------------------------------+---------+


+--------------------------------------------------------------------------------+
; Analysis & Synthesis Resource Usage Summary                                    ;
+---------------------------------------------+----------------------------------+
; Resource                                    ; Usage                            ;
+---------------------------------------------+----------------------------------+
; Estimate of Logic utilization (ALMs needed) ; 11                               ;
;                                             ;                                  ;
; Combinational ALUT usage for logic          ; 19                               ;
;     -- 7 input functions                    ; 0                                ;
;     -- 6 input functions                    ; 3                                ;
;     -- 5 input functions                    ; 9                                ;
;     -- 4 input functions                    ; 2                                ;
;     -- <=3 input functions                  ; 5                                ;
;                                             ;                                  ;
; Dedicated logic registers                   ; 15                               ;
;                                             ;                                  ;
; I/O pins                                    ; 67                               ;
; Total DSP Blocks                            ; 0                                ;
; Maximum fan-out node                        ; userInput:button|button:Left|out ;
; Maximum fan-out                             ; 15                               ;
; Total fan-out                               ; 206                              ;
; Average fan-out                             ; 1.23                             ;
+---------------------------------------------+----------------------------------+


+------------------------------------------------------------------------------------------------------------------------------------------------------------------------------------+
; Analysis & Synthesis Resource Utilization by Entity                                                                                                                                ;
+----------------------------+-------------------+--------------+-------------------+------------+------+--------------+----------------------------------------------+--------------+
; Compilation Hierarchy Node ; LC Combinationals ; LC Registers ; Block Memory Bits ; DSP Blocks ; Pins ; Virtual Pins ; Full Hierarchy Name                          ; Library Name ;
+----------------------------+-------------------+--------------+-------------------+------------+------+--------------+----------------------------------------------+--------------+
; |DE1_SoC                   ; 19 (1)            ; 15 (0)       ; 0                 ; 0          ; 67   ; 0            ; |DE1_SoC                                     ; work         ;
;    |playTugOfWar:dut|      ; 14 (0)            ; 11 (0)       ; 0                 ; 0          ; 0    ; 0            ; |DE1_SoC|playTugOfWar:dut                    ; work         ;
;       |centerLight:center| ; 1 (1)             ; 1 (1)        ; 0                 ; 0          ; 0    ; 0            ; |DE1_SoC|playTugOfWar:dut|centerLight:center ; work         ;
;       |normalLight:light1| ; 1 (1)             ; 1 (1)        ; 0                 ; 0          ; 0    ; 0            ; |DE1_SoC|playTugOfWar:dut|normalLight:light1 ; work         ;
;       |normalLight:light2| ; 1 (1)             ; 1 (1)        ; 0                 ; 0          ; 0    ; 0            ; |DE1_SoC|playTugOfWar:dut|normalLight:light2 ; work         ;
;       |normalLight:light3| ; 1 (1)             ; 1 (1)        ; 0                 ; 0          ; 0    ; 0            ; |DE1_SoC|playTugOfWar:dut|normalLight:light3 ; work         ;
;       |normalLight:light4| ; 1 (1)             ; 1 (1)        ; 0                 ; 0          ; 0    ; 0            ; |DE1_SoC|playTugOfWar:dut|normalLight:light4 ; work         ;
;       |normalLight:light6| ; 1 (1)             ; 1 (1)        ; 0                 ; 0          ; 0    ; 0            ; |DE1_SoC|playTugOfWar:dut|normalLight:light6 ; work         ;
;       |normalLight:light7| ; 1 (1)             ; 1 (1)        ; 0                 ; 0          ; 0    ; 0            ; |DE1_SoC|playTugOfWar:dut|normalLight:light7 ; work         ;
;       |normalLight:light8| ; 1 (1)             ; 1 (1)        ; 0                 ; 0          ; 0    ; 0            ; |DE1_SoC|playTugOfWar:dut|normalLight:light8 ; work         ;
;       |normalLight:light9| ; 1 (1)             ; 1 (1)        ; 0                 ; 0          ; 0    ; 0            ; |DE1_SoC|playTugOfWar:dut|normalLight:light9 ; work         ;
;       |victory:dut|        ; 5 (5)             ; 2 (2)        ; 0                 ; 0          ; 0    ; 0            ; |DE1_SoC|playTugOfWar:dut|victory:dut        ; work         ;
;    |userInput:button|      ; 4 (0)             ; 4 (0)        ; 0                 ; 0          ; 0    ; 0            ; |DE1_SoC|userInput:button                    ; work         ;
;       |button:Left|        ; 2 (2)             ; 2 (2)        ; 0                 ; 0          ; 0    ; 0            ; |DE1_SoC|userInput:button|button:Left        ; work         ;
;       |button:Right|       ; 2 (2)             ; 2 (2)        ; 0                 ; 0          ; 0    ; 0            ; |DE1_SoC|userInput:button|button:Right       ; work         ;
+----------------------------+-------------------+--------------+-------------------+------------+------+--------------+----------------------------------------------+--------------+
Note: For table entries with two numbers listed, the numbers in parentheses indicate the number of resources of the given type used by the specific entity alone. The numbers listed outside of parentheses indicate the total resources of the given type used by the specific entity and all of its sub-entities in the hierarchy.


Encoding Type:  User-Encoded
+----------------------------------------------------------+
; State Machine - |DE1_SoC|playTugOfWar:dut|victory:dut|ps ;
+--------+------+------------------------------------------+
; Name   ; ps~3 ; ps~2                                     ;
+--------+------+------------------------------------------+
; ps.off ; 0    ; 0                                        ;
; ps.one ; 0    ; 1                                        ;
; ps.two ; 1    ; 0                                        ;
+--------+------+------------------------------------------+


+------------------------------------------------------+
; General Register Statistics                          ;
+----------------------------------------------+-------+
; Statistic                                    ; Value ;
+----------------------------------------------+-------+
; Total registers                              ; 15    ;
; Number of registers using Synchronous Clear  ; 10    ;
; Number of registers using Synchronous Load   ; 3     ;
; Number of registers using Asynchronous Clear ; 0     ;
; Number of registers using Asynchronous Load  ; 0     ;
; Number of registers using Clock Enable       ; 0     ;
; Number of registers using Preset             ; 0     ;
+----------------------------------------------+-------+


+---------------------------------------------------------------------------+
; Parameter Settings for User Entity Instance: userInput:button|button:Left ;
+----------------+-------+--------------------------------------------------+
; Parameter Name ; Value ; Type                                             ;
+----------------+-------+--------------------------------------------------+
; on             ; 1     ; Unsigned Binary                                  ;
; off            ; 0     ; Unsigned Binary                                  ;
+----------------+-------+--------------------------------------------------+
Note: In order to hide this table in the UI and the text report file, please set the "Show Parameter Settings in Synthesis Report" option in "Analysis and Synthesis Settings -> More Settings" to "Off".


+----------------------------------------------------------------------------+
; Parameter Settings for User Entity Instance: userInput:button|button:Right ;
+----------------+-------+---------------------------------------------------+
; Parameter Name ; Value ; Type                                              ;
+----------------+-------+---------------------------------------------------+
; on             ; 1     ; Unsigned Binary                                   ;
; off            ; 0     ; Unsigned Binary                                   ;
+----------------+-------+---------------------------------------------------+
Note: In order to hide this table in the UI and the text report file, please set the "Show Parameter Settings in Synthesis Report" option in "Analysis and Synthesis Settings -> More Settings" to "Off".


+----------------------------------------------------------------------------------+
; Parameter Settings for User Entity Instance: playTugOfWar:dut|normalLight:light9 ;
+----------------+-------+---------------------------------------------------------+
; Parameter Name ; Value ; Type                                                    ;
+----------------+-------+---------------------------------------------------------+
; on             ; 1     ; Unsigned Binary                                         ;
; off            ; 0     ; Unsigned Binary                                         ;
+----------------+-------+---------------------------------------------------------+
Note: In order to hide this table in the UI and the text report file, please set the "Show Parameter Settings in Synthesis Report" option in "Analysis and Synthesis Settings -> More Settings" to "Off".


+----------------------------------------------------------------------------------+
; Parameter Settings for User Entity Instance: playTugOfWar:dut|normalLight:light8 ;
+----------------+-------+---------------------------------------------------------+
; Parameter Name ; Value ; Type                                                    ;
+----------------+-------+---------------------------------------------------------+
; on             ; 1     ; Unsigned Binary                                         ;
; off            ; 0     ; Unsigned Binary                                         ;
+----------------+-------+---------------------------------------------------------+
Note: In order to hide this table in the UI and the text report file, please set the "Show Parameter Settings in Synthesis Report" option in "Analysis and Synthesis Settings -> More Settings" to "Off".


+----------------------------------------------------------------------------------+
; Parameter Settings for User Entity Instance: playTugOfWar:dut|normalLight:light7 ;
+----------------+-------+---------------------------------------------------------+
; Parameter Name ; Value ; Type                                                    ;
+----------------+-------+---------------------------------------------------------+
; on             ; 1     ; Unsigned Binary                                         ;
; off            ; 0     ; Unsigned Binary                                         ;
+----------------+-------+---------------------------------------------------------+
Note: In order to hide this table in the UI and the text report file, please set the "Show Parameter Settings in Synthesis Report" option in "Analysis and Synthesis Settings -> More Settings" to "Off".


+----------------------------------------------------------------------------------+
; Parameter Settings for User Entity Instance: playTugOfWar:dut|normalLight:light6 ;
+----------------+-------+---------------------------------------------------------+
; Parameter Name ; Value ; Type                                                    ;
+----------------+-------+---------------------------------------------------------+
; on             ; 1     ; Unsigned Binary                                         ;
; off            ; 0     ; Unsigned Binary                                         ;
+----------------+-------+---------------------------------------------------------+
Note: In order to hide this table in the UI and the text report file, please set the "Show Parameter Settings in Synthesis Report" option in "Analysis and Synthesis Settings -> More Settings" to "Off".


+----------------------------------------------------------------------------------+
; Parameter Settings for User Entity Instance: playTugOfWar:dut|centerLight:center ;
+----------------+-------+---------------------------------------------------------+
; Parameter Name ; Value ; Type                                                    ;
+----------------+-------+---------------------------------------------------------+
; on             ; 1     ; Unsigned Binary                                         ;
; off            ; 0     ; Unsigned Binary                                         ;
+----------------+-------+---------------------------------------------------------+
Note: In order to hide this table in the UI and the text report file, please set the "Show Parameter Settings in Synthesis Report" option in "Analysis and Synthesis Settings -> More Settings" to "Off".


+----------------------------------------------------------------------------------+
; Parameter Settings for User Entity Instance: playTugOfWar:dut|normalLight:light4 ;
+----------------+-------+---------------------------------------------------------+
; Parameter Name ; Value ; Type                                                    ;
+----------------+-------+---------------------------------------------------------+
; on             ; 1     ; Unsigned Binary                                         ;
; off            ; 0     ; Unsigned Binary                                         ;
+----------------+-------+---------------------------------------------------------+
Note: In order to hide this table in the UI and the text report file, please set the "Show Parameter Settings in Synthesis Report" option in "Analysis and Synthesis Settings -> More Settings" to "Off".


+----------------------------------------------------------------------------------+
; Parameter Settings for User Entity Instance: playTugOfWar:dut|normalLight:light3 ;
+----------------+-------+---------------------------------------------------------+
; Parameter Name ; Value ; Type                                                    ;
+----------------+-------+---------------------------------------------------------+
; on             ; 1     ; Unsigned Binary                                         ;
; off            ; 0     ; Unsigned Binary                                         ;
+----------------+-------+---------------------------------------------------------+
Note: In order to hide this table in the UI and the text report file, please set the "Show Parameter Settings in Synthesis Report" option in "Analysis and Synthesis Settings -> More Settings" to "Off".


+----------------------------------------------------------------------------------+
; Parameter Settings for User Entity Instance: playTugOfWar:dut|normalLight:light2 ;
+----------------+-------+---------------------------------------------------------+
; Parameter Name ; Value ; Type                                                    ;
+----------------+-------+---------------------------------------------------------+
; on             ; 1     ; Unsigned Binary                                         ;
; off            ; 0     ; Unsigned Binary                                         ;
+----------------+-------+---------------------------------------------------------+
Note: In order to hide this table in the UI and the text report file, please set the "Show Parameter Settings in Synthesis Report" option in "Analysis and Synthesis Settings -> More Settings" to "Off".


+----------------------------------------------------------------------------------+
; Parameter Settings for User Entity Instance: playTugOfWar:dut|normalLight:light1 ;
+----------------+-------+---------------------------------------------------------+
; Parameter Name ; Value ; Type                                                    ;
+----------------+-------+---------------------------------------------------------+
; on             ; 1     ; Unsigned Binary                                         ;
; off            ; 0     ; Unsigned Binary                                         ;
+----------------+-------+---------------------------------------------------------+
Note: In order to hide this table in the UI and the text report file, please set the "Show Parameter Settings in Synthesis Report" option in "Analysis and Synthesis Settings -> More Settings" to "Off".


+---------------------------------------------------------------------------+
; Parameter Settings for User Entity Instance: playTugOfWar:dut|victory:dut ;
+----------------+-------+--------------------------------------------------+
; Parameter Name ; Value ; Type                                             ;
+----------------+-------+--------------------------------------------------+
; off            ; 00    ; Unsigned Binary                                  ;
; one            ; 01    ; Unsigned Binary                                  ;
; two            ; 10    ; Unsigned Binary                                  ;
+----------------+-------+--------------------------------------------------+
Note: In order to hide this table in the UI and the text report file, please set the "Show Parameter Settings in Synthesis Report" option in "Analysis and Synthesis Settings -> More Settings" to "Off".


+-----------------------------------------------------------------+
; Port Connectivity Checks: "playTugOfWar:dut|normalLight:light1" ;
+------+-------+----------+---------------------------------------+
; Port ; Type  ; Severity ; Details                               ;
+------+-------+----------+---------------------------------------+
; NR   ; Input ; Info     ; Stuck at GND                          ;
+------+-------+----------+---------------------------------------+


+-----------------------------------------------------------------+
; Port Connectivity Checks: "playTugOfWar:dut|normalLight:light9" ;
+------+-------+----------+---------------------------------------+
; Port ; Type  ; Severity ; Details                               ;
+------+-------+----------+---------------------------------------+
; NL   ; Input ; Info     ; Stuck at GND                          ;
+------+-------+----------+---------------------------------------+


+-----------------------------------------------------+
; Post-Synthesis Netlist Statistics for Top Partition ;
+-----------------------+-----------------------------+
; Type                  ; Count                       ;
+-----------------------+-----------------------------+
; arriav_ff             ; 15                          ;
;     SCLR              ; 8                           ;
;     SCLR SLD          ; 2                           ;
;     SLD               ; 1                           ;
;     plain             ; 4                           ;
; arriav_lcell_comb     ; 21                          ;
;     normal            ; 21                          ;
;         0 data inputs ; 2                           ;
;         1 data inputs ; 1                           ;
;         2 data inputs ; 4                           ;
;         4 data inputs ; 2                           ;
;         5 data inputs ; 9                           ;
;         6 data inputs ; 3                           ;
; boundary_port         ; 67                          ;
;                       ;                             ;
; Max LUT depth         ; 2.00                        ;
; Average LUT depth     ; 1.13                        ;
+-----------------------+-----------------------------+


+-------------------------------+
; Elapsed Time Per Partition    ;
+----------------+--------------+
; Partition Name ; Elapsed Time ;
+----------------+--------------+
; Top            ; 00:00:03     ;
+----------------+--------------+


+-------------------------------+
; Analysis & Synthesis Messages ;
+-------------------------------+
Info: *******************************************************************
Info: Running Quartus II 64-Bit Analysis & Synthesis
    Info: Version 14.0.0 Build 200 06/17/2014 SJ Full Version
    Info: Processing started: Thu Feb 19 10:47:06 2015
Info: Command: quartus_map --read_settings_files=on --write_settings_files=off DE1_SoC -c DE1_SoC
Info (11104): Parallel Compilation has detected 8 hyper-threaded processors. However, the extra hyper-threaded processors will not be used by default. Parallel Compilation will use 4 of the 4 physical processors detected instead.
Info (12021): Found 2 design units, including 2 entities, in source file centerlight.sv
    Info (12023): Found entity 1: centerLight
    Info (12023): Found entity 2: normalLight
Info (12021): Found 1 design units, including 1 entities, in source file victory.sv
    Info (12023): Found entity 1: victory
Info (12021): Found 2 design units, including 2 entities, in source file playtugofwar.sv
    Info (12023): Found entity 1: playTugOfWar
    Info (12023): Found entity 2: playTugOfWar_testbench
Info (12021): Found 2 design units, including 2 entities, in source file de1_soc.sv
    Info (12023): Found entity 1: DE1_SoC
    Info (12023): Found entity 2: DE1_SoC_testbench
Info (12127): Elaborating entity "DE1_SoC" for the top level hierarchy
Warning (12125): Using design file userinput.sv, which is not specified as a design file for the current project, but contains definitions for 3 design units and 3 entities in project
    Info (12023): Found entity 1: userInput
    Info (12023): Found entity 2: button
    Info (12023): Found entity 3: button_testbench
Info (12128): Elaborating entity "userInput" for hierarchy "userInput:button"
Info (12128): Elaborating entity "button" for hierarchy "userInput:button|button:Left"
Info (12128): Elaborating entity "playTugOfWar" for hierarchy "playTugOfWar:dut"
Info (12128): Elaborating entity "normalLight" for hierarchy "playTugOfWar:dut|normalLight:light9"
Info (12128): Elaborating entity "centerLight" for hierarchy "playTugOfWar:dut|centerLight:center"
Info (12128): Elaborating entity "victory" for hierarchy "playTugOfWar:dut|victory:dut"
Info (286030): Timing-Driven Synthesis is running
Info (144001): Generated suppressed messages file U:/EE271/Lab6/output_files/DE1_SoC.map.smsg
Info (16010): Generating hard_block partition "hard_block:auto_generated_inst"
    Info (16011): Adding 0 node(s), including 0 DDIO, 0 PLL, 0 transceiver and 0 LCELL
Info (21057): Implemented 86 device resources after synthesis - the final resource count might be different
    Info (21058): Implemented 15 input pins
    Info (21059): Implemented 52 output pins
    Info (21061): Implemented 19 logic cells
Info: Quartus II 64-Bit Analysis & Synthesis was successful. 0 errors, 1 warning
    Info: Peak virtual memory: 639 megabytes
    Info: Processing ended: Thu Feb 19 10:47:22 2015
    Info: Elapsed time: 00:00:16
    Info: Total CPU time (on all processors): 00:00:04


+------------------------------------------+
; Analysis & Synthesis Suppressed Messages ;
+------------------------------------------+
The suppressed messages can be found in U:/EE271/Lab6/output_files/DE1_SoC.map.smsg.


